<?xml version="1.0" encoding="UTF-8"?>
<!-- Generated by org.testng.reporters.JUnitReportReporter -->
<testsuite skipped="1" hostname="DESKTOP-AEN3F64" name="com.Test.Test3" tests="1" failures="0" timestamp="05 Nov 2017 05:44:07 GMT" time="0.000" errors="0">
  <testcase name="run" time="0.000" classname="com.Test.Test3">
    <skipped/>
  </testcase> <!-- run -->
</testsuite> <!-- com.Test.Test3 -->
